Info: Generated by version: 21.1 build 169
Info: Starting: Create simulation model
Info: qsys-generate /home/joerock/Documents/TFM/Quartus_Sim-Em/NDRangeVsSimpleTask/bin/Simple_task/mpsim.qsys --simulation=VERILOG --allow-mixed-language-simulation --output-directory=/home/joerock/Documents/TFM/Quartus_Sim-Em/NDRangeVsSimpleTask/bin/Simple_task/mpsim --family="Arria 10" --part=Unknown
Progress: Loading Simple_task/mpsim.qsys
Progress: Reading input file
Progress: Adding clk_rst [altera_generic_component 1.0]
Progress: Parameterizing module clk_rst
Progress: Adding ki [altera_generic_component 1.0]
Progress: Parameterizing module ki
Progress: Adding ks [altera_generic_component 1.0]
Progress: Parameterizing module ks
Progress: Adding oirq [altera_generic_component 1.0]
Progress: Parameterizing module oirq
Progress: Adding osi [altera_generic_component 1.0]
Progress: Parameterizing module osi
Progress: Adding osm_0_inst [altera_generic_component 1.0]
Progress: Parameterizing module osm_0_inst
Progress: Building connections
Progress: Parameterizing connections
Progress: Validating
Progress: Done reading input file
Component Instantiation Warning: mpsim.clk_rst: Project Setting information doesn't match IP Variant file. Double-click to open System Info tab.
Component Instantiation Warning: mpsim.ki: Project Setting information doesn't match IP Variant file. Double-click to open System Info tab.
Component Instantiation Warning: mpsim.ki: Warnings found in IP parameterization.
Component Instantiation Warning: mpsim.oirq: Project Setting information doesn't match IP Variant file. Double-click to open System Info tab.
Component Instantiation Warning: mpsim.osi: Project Setting information doesn't match IP Variant file. Double-click to open System Info tab.
Component Instantiation Warning: mpsim.osm_0_inst: Project Setting information doesn't match IP Variant file. Double-click to open System Info tab.
Component Instantiation Warning: mpsim.ks.Simple_task_sys: Project Setting information doesn't match IP Variant file. Double-click to open System Info tab.
Component Instantiation Warning: mpsim.ks.acl_internal_snoop: Project Setting information doesn't match IP Variant file. Double-click to open System Info tab.
Component Instantiation Warning: mpsim.ks.acl_internal_snoop: Warnings found in IP parameterization.
Component Instantiation Warning: mpsim.ks.clk_1x: Project Setting information doesn't match IP Variant file. Double-click to open System Info tab.
Component Instantiation Warning: mpsim.ks.clk_2x: Project Setting information doesn't match IP Variant file. Double-click to open System Info tab.
Component Instantiation Warning: mpsim.ks.clk_snoop: Project Setting information doesn't match IP Variant file. Double-click to open System Info tab.
Component Instantiation Warning: mpsim.ks.kernel_cra: Project Setting information doesn't match IP Variant file. Double-click to open System Info tab.
Component Instantiation Warning: mpsim.ks.kernel_irq: Project Setting information doesn't match IP Variant file. Double-click to open System Info tab.
Component Instantiation Warning: mpsim.ks.reset: Project Setting information doesn't match IP Variant file. Double-click to open System Info tab.
Warning: mpsim.ks.acl_internal_snoop.out_0: acl_internal_snoop.out_0 must be connected to an Avalon-ST sink
Error: mpsim.ks: deviceFamily "Arria 10" is out of range: "Cyclone 10 GX", "None", "Unknown"
Warning: mpsim.clk_rst.clock/ki.clk: ki.clk requires 100000000Hz, but source has frequency of 0Hz
Warning: mpsim.ks.cc_snoop: ks.cc_snoop must be connected to an Avalon-ST source
Warning: mpsim.osi.m_mbd: osi.m_mbd must be connected to an Avalon-MM slave or exported
Error: mpsim: deviceFamily "Arria 10" is out of range: "Cyclone 10 GX", "None", "Unknown"
Error: qsys-generate failed with exit code 3: 2 Errors, 19 Warnings
Info: Finished: Create simulation model
Info: Starting: Create Modelsim Project.
Info: sim-script-gen --system-file=/home/joerock/Documents/TFM/Quartus_Sim-Em/NDRangeVsSimpleTask/bin/Simple_task/mpsim.qsys --output-directory=/home/joerock/Documents/TFM/Quartus_Sim-Em/NDRangeVsSimpleTask/bin/Simple_task/mpsim/sim --use-relative-paths=true
Error: File /home/joerock/Documents/TFM/Quartus_Sim-Em/NDRangeVsSimpleTask/bin/Simple_task/mpsim/mpsim.spd not found. Please generate simulation files for system file /home/joerock/Documents/TFM/Quartus_Sim-Em/NDRangeVsSimpleTask/bin/Simple_task/mpsim.qsys before generating simulation scripts.
Info: Finished: Create Modelsim Project.
