Info: Generated by version: 21.1 build 169
Info: Starting: Create simulation model
Info: qsys-generate /home/joerock/Documents/TFM/Quartus_Sim-Em/NDRangeVsSimpleTask/bin/Simple_task/ip/mpsim/mpsim_ki.ip --simulation=VERILOG --allow-mixed-language-simulation --output-directory=/home/joerock/Documents/TFM/Quartus_Sim-Em/NDRangeVsSimpleTask/bin/Simple_task/ip/mpsim/mpsim_ki --family="Arria 10" --part=Unknown
Warning: mpsim_ki.ki: add_instance: Component altera_avalon_mm_bridge version 13.1 is not installed - loaded latest installed version 20.0.1 instead.  Please check for parameter mismatches 
Warning: mpsim_ki.ki: add_instance: Component altera_address_span_extender version 15.0 is not installed - loaded latest installed version 19.2.0 instead.  Please check for parameter mismatches 
Warning: mpsim_ki.ki: add_instance: Component altera_avalon_mm_bridge version 13.1 is not installed - loaded latest installed version 20.0.1 instead.  Please check for parameter mismatches 
Warning: mpsim_ki.ki: add_instance: Component clock_source version 13.1 is not installed - loaded latest installed version 21.1 instead.  Please check for parameter mismatches 
Warning: mpsim_ki.ki: add_instance: Component altera_irq_bridge version 13.1 is not installed - loaded latest installed version 19.2.0 instead.  Please check for parameter mismatches 
Warning: mpsim_ki.ki: add_instance: Component altera_reset_bridge version 13.1 is not installed - loaded latest installed version 19.2.0 instead.  Please check for parameter mismatches 
Warning: mpsim_ki.ki: add_instance: Component altera_reset_controller version 13.1 is not installed - loaded latest installed version 19.2.1 instead.  Please check for parameter mismatches 
Warning: mpsim_ki.ki: add_instance: Component altera_clock_bridge version 13.1 is not installed - loaded latest installed version 19.2.0 instead.  Please check for parameter mismatches 
Warning: mpsim_ki.ki: add_instance: Component altera_reset_bridge version 13.1 is not installed - loaded latest installed version 19.2.0 instead.  Please check for parameter mismatches 
Warning: mpsim_ki.ki: add_instance: Component altera_reset_bridge version 13.1 is not installed - loaded latest installed version 19.2.0 instead.  Please check for parameter mismatches 
Error: mpsim_ki.ki: "Device family" (deviceFamily) "Arria 10" is out of range: "Cyclone 10 GX", "None", "Unknown"
Error: mpsim_ki: deviceFamily "Arria 10" is out of range: "Cyclone 10 GX", "None", "Unknown"
Error: qsys-generate failed with exit code 3: 2 Errors, 10 Warnings
Info: Finished: Create simulation model
Info: Starting: Create Modelsim Project.
Info: sim-script-gen --system-file=/home/joerock/Documents/TFM/Quartus_Sim-Em/NDRangeVsSimpleTask/bin/Simple_task/ip/mpsim/mpsim_ki.ip --output-directory=/home/joerock/Documents/TFM/Quartus_Sim-Em/NDRangeVsSimpleTask/bin/Simple_task/ip/mpsim/mpsim_ki/sim --use-relative-paths=true
Error: File /home/joerock/Documents/TFM/Quartus_Sim-Em/NDRangeVsSimpleTask/bin/Simple_task/ip/mpsim/mpsim_ki/mpsim_ki.spd not found. Please generate simulation files for system file /home/joerock/Documents/TFM/Quartus_Sim-Em/NDRangeVsSimpleTask/bin/Simple_task/ip/mpsim/mpsim_ki.ip before generating simulation scripts.
Info: Finished: Create Modelsim Project.
