OpenCL Auto Migration Report

To disable auto migration compile with flag: --no-auto-migrate

Alternatively, you can enable/disable individual fixes
by adding them to the include/exclude field in board_spec.xml.

----------- Platform ---------
| Board a10gx with auto migration type a10_ref and 
| board_spec version 20.2 has the following properties:
|   family = ARRIA 10
|   flow = QHD - Partial Reconfiguration
|   host = PCIe
|   name = a10_ref
|   pgm = Partial Reconfiguration
|   version = 20.2
------------------------------

----------- Fixes To Apply ---------
| pre_skipbak
------------------------------------

-------- Skipping BAK flow - Copy-Over (name: pre_skipbak) ----------
Info: *******************************************************************
Info: Running Quartus Prime Shell
    Info: Version 21.1.0 Build 169 03/24/2021 SC Pro Edition
    Info: Copyright (C) 2021  Intel Corporation. All rights reserved.
    Info: Your use of Intel Corporation's design tools, logic functions 
    Info: and other software and tools, and any partner logic 
    Info: functions, and any output files from any of the foregoing 
    Info: (including device programming or simulation files), and any 
    Info: associated documentation or information are expressly subject 
    Info: to the terms and conditions of the Intel Program License 
    Info: Subscription Agreement, the Intel Quartus Prime License Agreement,
    Info: the Intel FPGA IP License Agreement, or other applicable license
    Info: agreement, including, without limitation, that your use is for
    Info: the sole purpose of programming logic devices manufactured by
    Info: Intel and sold by Intel or its authorized distributors.  Please
    Info: refer to the applicable agreement for further details, at
    Info: https://fpgasoftware.intel.com/eula.
    Info: Processing started: Tue May 23 13:55:58 2023
    Info: System process ID: 5215
Info: Command: quartus_sh -t /home/joerock/intelFPGA_pro/21.1/hld/ip/board/migrate/pre_skipbak/pre_skipbak.tcl a10_ref a10gx -1
Info: Quartus(args): a10_ref a10gx -1
Info: Using INI file /home/joerock/Documents/TFM/Quartus_Sim-Em/SR_relax_data_dependency/bin/acc_unopt/quartus.ini
Error (23035): Tcl error: couldn't read file "scripts/qar_ip_files.tcl": no such file or directory
    while executing
"source "scripts/qar_ip_files.tcl""
    (procedure "get_pr_base_id" line 2)
    invoked from within
"get_pr_base_id"
    (procedure "get_cache_dir" line 3)
    invoked from within
"get_cache_dir $platform $board_variant $pr_base_id $version"
    (procedure "preamble" line 3)
    invoked from within
"preamble $platform $board_variant $pr_base_id $quartus(version) 0"
    invoked from within
"set tmp_dir [preamble $platform $board_variant $pr_base_id $quartus(version) 0]"
    (file "/home/joerock/intelFPGA_pro/21.1/hld/ip/board/migrate/pre_skipbak/pre_skipbak.tcl" line 6)
------------------------------------------------
couldn't read file "scripts/qar_ip_files.tcl": no such file or directory
    while executing
"source "scripts/qar_ip_files.tcl""
    (procedure "get_pr_base_id" line 2)
    invoked from within
"get_pr_base_id"
    (procedure "get_cache_dir" line 3)
    invoked from within
"get_cache_dir $platform $board_variant $pr_base_id $version"
    (procedure "preamble" line 3)
    invoked from within
"preamble $platform $board_variant $pr_base_id $quartus(version) 0"
    invoked from within
"set tmp_dir [preamble $platform $board_variant $pr_base_id $quartus(version) 0]"
    (file "/home/joerock/intelFPGA_pro/21.1/hld/ip/board/migrate/pre_skipbak/pre_skipbak.tcl" line 6)
------------------------------------------------
Error (23031): Evaluation of Tcl script /home/joerock/intelFPGA_pro/21.1/hld/ip/board/migrate/pre_skipbak/pre_skipbak.tcl unsuccessful
Error: Quartus Prime Shell was unsuccessful. 2 errors, 0 warnings
    Error: Peak virtual memory: 884 megabytes
    Error: Processing ended: Tue May 23 13:55:58 2023
    Error: Elapsed time: 00:00:00
    Error: System process ID: 5215
------------------------------

