Info: Generated by version: 21.1 build 169
Info: Starting: Create simulation model
Info: qsys-generate /home/joerock/Documents/TFM/Quartus_Sim-Em/NDRangeVsSimpleTask/bin/Simple_task/kernel_system.qsys --simulation=VERILOG --allow-mixed-language-simulation --output-directory=/home/joerock/Documents/TFM/Quartus_Sim-Em/NDRangeVsSimpleTask/bin/Simple_task/kernel_system --family="Arria 10" --part=Unknown
Progress: Loading Simple_task/kernel_system.qsys
Progress: Reading input file
Progress: Adding Simple_task_sys [altera_generic_component 1.0]
Progress: Parameterizing module Simple_task_sys
Progress: Adding acl_internal_snoop [altera_generic_component 1.0]
Progress: Parameterizing module acl_internal_snoop
Progress: Adding clk_1x [altera_generic_component 1.0]
Progress: Parameterizing module clk_1x
Progress: Adding clk_2x [altera_generic_component 1.0]
Progress: Parameterizing module clk_2x
Progress: Adding clk_snoop [altera_generic_component 1.0]
Progress: Parameterizing module clk_snoop
Progress: Adding kernel_cra [altera_generic_component 1.0]
Progress: Parameterizing module kernel_cra
Progress: Adding kernel_irq [altera_generic_component 1.0]
Progress: Parameterizing module kernel_irq
Progress: Adding reset [altera_generic_component 1.0]
Progress: Parameterizing module reset
Progress: Building connections
Progress: Parameterizing connections
Progress: Validating
Progress: Done reading input file
Component Instantiation Warning: kernel_system.Simple_task_sys: Project Setting information doesn't match IP Variant file. Double-click to open System Info tab.
Component Instantiation Warning: kernel_system.acl_internal_snoop: Project Setting information doesn't match IP Variant file. Double-click to open System Info tab.
Component Instantiation Warning: kernel_system.acl_internal_snoop: Warnings found in IP parameterization.
Component Instantiation Warning: kernel_system.clk_1x: Project Setting information doesn't match IP Variant file. Double-click to open System Info tab.
Component Instantiation Warning: kernel_system.clk_2x: Project Setting information doesn't match IP Variant file. Double-click to open System Info tab.
Component Instantiation Warning: kernel_system.clk_snoop: Project Setting information doesn't match IP Variant file. Double-click to open System Info tab.
Component Instantiation Warning: kernel_system.kernel_cra: Project Setting information doesn't match IP Variant file. Double-click to open System Info tab.
Component Instantiation Warning: kernel_system.kernel_irq: Project Setting information doesn't match IP Variant file. Double-click to open System Info tab.
Component Instantiation Warning: kernel_system.reset: Project Setting information doesn't match IP Variant file. Double-click to open System Info tab.
Warning: kernel_system.acl_internal_snoop.out_0: acl_internal_snoop.out_0 must be connected to an Avalon-ST sink
Error: kernel_system: deviceFamily "Arria 10" is out of range: "Cyclone 10 GX", "None", "Unknown"
Error: qsys-generate failed with exit code 3: 1 Error, 10 Warnings
Info: Finished: Create simulation model
Info: Starting: Create Modelsim Project.
Info: sim-script-gen --system-file=/home/joerock/Documents/TFM/Quartus_Sim-Em/NDRangeVsSimpleTask/bin/Simple_task/kernel_system.qsys --output-directory=/home/joerock/Documents/TFM/Quartus_Sim-Em/NDRangeVsSimpleTask/bin/Simple_task/kernel_system/sim --use-relative-paths=true
Error: File /home/joerock/Documents/TFM/Quartus_Sim-Em/NDRangeVsSimpleTask/bin/Simple_task/kernel_system/kernel_system.spd not found. Please generate simulation files for system file /home/joerock/Documents/TFM/Quartus_Sim-Em/NDRangeVsSimpleTask/bin/Simple_task/kernel_system.qsys before generating simulation scripts.
Info: Finished: Create Modelsim Project.
