maxpool2d,target_fmax,240
maxpool2d,maxpool2d.B1,II,1
maxpool2d,maxpool2d.B3,II,1
maxpool2d,maxpool2d.B5,II,1
maxpool2d,maxpool2d.B7,II,1
maxpool2d,maxpool2d.B10,II,1
conv2d3x3,target_fmax,240
conv2d3x3,conv2d3x3.B2,II,1
conv2d3x3,conv2d3x3.B3,II,1
conv2d3x3,conv2d3x3.B5,II,1
conv2d3x3,conv2d3x3.B7,II,0
conv2d3x3,conv2d3x3.B13,II,4
conv2d3x3,conv2d3x3.B11,II,4
conv2d3x3,conv2d3x3.B10,II,4
conv2d1x1,target_fmax,240
conv2d1x1,conv2d1x1.B2,II,1
conv2d1x1,conv2d1x1.B3,II,1
conv2d1x1,conv2d1x1.B6,II,4
avgpool2d,target_fmax,240
avgpool2d,avgpool2d.B1,II,1
avgpool2d,avgpool2d.B4,II,1
